0: (9): INFO: log file opened: /etc/turnlog/turnserver_2024-01-18.log
0: (9): INFO: Listener address to use: 0.0.0.0
0: (9): INFO: Coturn Version Coturn-4.6.2 'Gorst'
0: (9): INFO: Max number of open files/sockets allowed for this process: 1048576
0: (9): INFO: Due to the open files/sockets limitation, max supported number of TURN Sessions possible is: 524000 (approximately)
0: (9): INFO: 

==== Show him the instruments, Practical Frost: ====

0: (9): INFO: OpenSSL compile-time version: OpenSSL 3.0.2 15 Mar 2022 (0x30000020)
0: (9): INFO: TLS 1.3 supported
0: (9): INFO: DTLS 1.2 supported
0: (9): INFO: TURN/STUN ALPN supported
0: (9): INFO: Third-party authorization (oAuth) supported
0: (9): INFO: GCM (AEAD) supported
0: (9): INFO: SQLite supported, default database location is /etc/coturn/var/db/turndb
0: (9): INFO: Redis is not supported
0: (9): INFO: PostgreSQL is not supported
0: (9): INFO: MySQL is not supported
0: (9): INFO: MongoDB is not supported
0: (9): INFO: Default Net Engine version: 3 (UDP thread per CPU core)
0: (9): INFO: Domain name: 
0: (9): INFO: Default realm: mrnull
0: (9): ERROR: CONFIG: Empty cli-password, and so telnet cli interface is disabled! Please set a non empty cli-password!
0: (9): WARNING: cannot find certificate file: turn_server_cert.pem (1)
0: (9): WARNING: cannot start TLS and DTLS listeners because certificate file is not set properly
0: (9): WARNING: cannot find private key file: turn_server_pkey.pem (1)
0: (9): WARNING: cannot start TLS and DTLS listeners because private key file is not set properly
0: (9): INFO: Certificate file found: //turn_server_cert.pem
0: (9): INFO: Private key file found: //turn_server_pkey.pem
0: (9): INFO: Relay address to use: 0.0.0.0
0: (9): INFO: pid file created: /var/run/turnserver.pid
0: (9): INFO: IO method: epoll (with changelist)
0: (9): WARNING: STUN CHANGE_REQUEST not supported: only one IP address is provided
0: (9): INFO: Wait for relay ports initialization...
0: (9): INFO:   relay 0.0.0.0 initialization...
0: (9): INFO:   relay 0.0.0.0 initialization done
0: (9): INFO: Relay ports initialization done
0: (9): INFO: Total General servers: 2
0: (10): DEBUG: turn server id=0 created
0: (10): INFO: IPv4. TCP listener opened on : 0.0.0.0:3478
0: (11): DEBUG: turn server id=1 created
0: (9): INFO: IPv4. UDP listener opened on: 0.0.0.0:3478
0: (11): INFO: IPv4. TCP listener opened on : 0.0.0.0:3478
0: (9): INFO: Total auth threads: 3
0: (9): INFO: prometheus exporter server will start using EPOLL
0: (9): INFO: prometheus collector started successfully
0: (10): INFO: log file opened: /etc/turnlog/turnserver_2024-01-18.log
0: (10): INFO: Listener address to use: 0.0.0.0
0: (10): INFO: Coturn Version Coturn-4.6.2 'Gorst'
0: (10): INFO: Max number of open files/sockets allowed for this process: 1048576
0: (10): INFO: Due to the open files/sockets limitation, max supported number of TURN Sessions possible is: 524000 (approximately)
0: (10): INFO: 

==== Show him the instruments, Practical Frost: ====

0: (10): INFO: OpenSSL compile-time version: OpenSSL 3.0.2 15 Mar 2022 (0x30000020)
0: (10): INFO: TLS 1.3 supported
0: (10): INFO: DTLS 1.2 supported
0: (10): INFO: TURN/STUN ALPN supported
0: (10): INFO: Third-party authorization (oAuth) supported
0: (10): INFO: GCM (AEAD) supported
0: (10): INFO: SQLite supported, default database location is /etc/coturn/var/db/turndb
0: (10): INFO: Redis is not supported
0: (10): INFO: PostgreSQL is not supported
0: (10): INFO: MySQL is not supported
0: (10): INFO: MongoDB is not supported
0: (10): INFO: Default Net Engine version: 3 (UDP thread per CPU core)
0: (10): INFO: Domain name: 
0: (10): INFO: Default realm: mrnull
0: (10): ERROR: CONFIG: Empty cli-password, and so telnet cli interface is disabled! Please set a non empty cli-password!
0: (10): WARNING: cannot find certificate file: turn_server_cert.pem (1)
0: (10): WARNING: cannot start TLS and DTLS listeners because certificate file is not set properly
0: (10): WARNING: cannot find private key file: turn_server_pkey.pem (1)
0: (10): WARNING: cannot start TLS and DTLS listeners because private key file is not set properly
0: (10): INFO: Certificate file found: //turn_server_cert.pem
0: (10): INFO: Private key file found: //turn_server_pkey.pem
0: (10): INFO: Relay address to use: 0.0.0.0
0: (10): INFO: pid file created: /var/run/turnserver.pid
0: (10): INFO: IO method: epoll (with changelist)
0: (10): WARNING: STUN CHANGE_REQUEST not supported: only one IP address is provided
0: (10): INFO: Wait for relay ports initialization...
0: (10): INFO:   relay 0.0.0.0 initialization...
0: (10): INFO:   relay 0.0.0.0 initialization done
0: (10): INFO: Relay ports initialization done
0: (10): INFO: Total General servers: 2
0: (12): DEBUG: turn server id=1 created
0: (12): INFO: IPv4. TCP listener opened on : 0.0.0.0:3478
0: (11): DEBUG: turn server id=0 created
0: (10): INFO: IPv4. UDP listener opened on: 0.0.0.0:3478
0: (10): INFO: Total auth threads: 3
0: (11): INFO: IPv4. TCP listener opened on : 0.0.0.0:3478
0: (10): INFO: prometheus exporter server will start using EPOLL
0: (10): INFO: prometheus collector started successfully
